#
# There is insufficient memory for the Java Runtime Environment to continue.
# Native memory allocation (malloc) failed to allocate 1792176 bytes for Chunk::new
# Possible reasons:
#   The system is out of physical RAM or swap space
#   The process is running with CompressedOops enabled, and the Java Heap may be blocking the growth of the native heap
# Possible solutions:
#   Reduce memory load on the system
#   Increase physical memory or swap space
#   Check if swap backing store is full
#   Decrease Java heap size (-Xmx/-Xms)
#   Decrease number of Java threads
#   Decrease Java thread stack sizes (-Xss)
#   Set larger code cache with -XX:ReservedCodeCacheSize=
#   JVM is running with Unscaled Compressed Oops mode in which the Java heap is
#     placed in the first 4GB address space. The Java Heap base address is the
#     maximum limit for the native heap growth. Please use -XX:HeapBaseMinAddress
#     to set the Java Heap base and to place the Java Heap above 4GB virtual address.
# This output file may be truncated or incomplete.
#
#  Out of Memory Error (arena.cpp:189), pid=24852, tid=24312
#
# JRE version: Java(TM) SE Runtime Environment (17.0+35) (build 17+35-LTS-2724)
# Java VM: Java HotSpot(TM) 64-Bit Server VM (17+35-LTS-2724, mixed mode, sharing, tiered, compressed oops, compressed class ptrs, g1 gc, windows-amd64)
# No core dump will be written. Minidumps are not enabled by default on client versions of Windows
#

---------------  S U M M A R Y ------------

Command Line: -XX:MaxMetaspaceSize=512m --add-opens=java.base/java.util=ALL-UNNAMED --add-opens=java.base/java.lang=ALL-UNNAMED --add-opens=java.base/java.lang.invoke=ALL-UNNAMED --add-opens=java.prefs/java.util.prefs=ALL-UNNAMED --add-opens=java.base/java.nio.charset=ALL-UNNAMED --add-opens=java.base/java.net=ALL-UNNAMED --add-opens=java.base/java.util.concurrent.atomic=ALL-UNNAMED -Xmx2048m -Dfile.encoding=utf8 -Duser.country=CO -Duser.language=es -Duser.variant -javaagent:C:\Users\dajoz\.gradle\wrapper\dists\gradle-8.6-all\3mbtmo166bl6vumsh5k2lkq5h\gradle-8.6\lib\agents\gradle-instrumentation-agent-8.6.jar org.gradle.launcher.daemon.bootstrap.GradleDaemon 8.6

Host: 11th Gen Intel(R) Core(TM) i5-1135G7 @ 2.40GHz, 8 cores, 7G,  Windows 10 , 64 bit Build 22621 (10.0.22621.3958)
Time: Tue Aug 13 20:03:16 2024 Hora est. Pacífico, Sudamérica elapsed time: 44.832957 seconds (0d 0h 0m 44s)

---------------  T H R E A D  ---------------

Current thread (0x000001c52cec3610):  JavaThread "C2 CompilerThread0" daemon [_thread_in_native, id=24312, stack(0x00000019d1600000,0x00000019d1700000)]


Current CompileTask:
C2:  44833 7273   !   4       com.google.common.reflect.TypeVisitor::visit (225 bytes)

Stack: [0x00000019d1600000,0x00000019d1700000]
Native frames: (J=compiled Java code, j=interpreted, Vv=VM code, C=native code)
V  [jvm.dll+0x66f8ea]
V  [jvm.dll+0x7ce224]
V  [jvm.dll+0x7cf9ce]
V  [jvm.dll+0x7d0033]
V  [jvm.dll+0x242bb5]
V  [jvm.dll+0xaa05b]
V  [jvm.dll+0xaa5ec]
V  [jvm.dll+0x35f9a2]
V  [jvm.dll+0x329f61]
V  [jvm.dll+0x32940a]
V  [jvm.dll+0x215ca1]
V  [jvm.dll+0x2150c1]
V  [jvm.dll+0x1a168d]
V  [jvm.dll+0x2248f8]
V  [jvm.dll+0x222a5c]
V  [jvm.dll+0x78422b]
V  [jvm.dll+0x77e7ea]
V  [jvm.dll+0x66e715]
C  [ucrtbase.dll+0x29333]
C  [KERNEL32.DLL+0x1257d]
C  [ntdll.dll+0x5af28]


---------------  P R O C E S S  ---------------

Threads class SMR info:
_java_thread_list=0x000001c5315c2080, length=56, elements={
0x000001c50cd97230, 0x000001c52cea66c0, 0x000001c52cea7270, 0x000001c52cebc850,
0x000001c52cebd400, 0x000001c52cec1ed0, 0x000001c52cec2880, 0x000001c52cec3610,
0x000001c52cec44c0, 0x000001c52cede5a0, 0x000001c52ce95170, 0x000001c52db3a5b0,
0x000001c52ef07860, 0x000001c52ecd61f0, 0x000001c52edd5060, 0x000001c52f3ca000,
0x000001c52f3a3210, 0x000001c52f642010, 0x000001c52f6424e0, 0x000001c52f1d2170,
0x000001c52f1d2640, 0x000001c52e976570, 0x000001c52e9790c0, 0x000001c52e9773e0,
0x000001c52e977d80, 0x000001c52e976f10, 0x000001c52e975700, 0x000001c52e9760a0,
0x000001c52e9778b0, 0x000001c52e978250, 0x000001c52e978720, 0x000001c52e978bf0,
0x000001c52e975bd0, 0x000001c531923880, 0x000001c5319280b0, 0x000001c531925f00,
0x000001c531921200, 0x000001c531928580, 0x000001c5319263d0, 0x000001c5319246f0,
0x000001c531926d70, 0x000001c531923d50, 0x000001c531925090, 0x000001c531924220,
0x000001c531927240, 0x000001c531922a10, 0x000001c531927be0, 0x000001c5319233b0,
0x000001c531928a50, 0x000001c5319216d0, 0x000001c531924bc0, 0x000001c531921ba0,
0x000001c531922540, 0x000001c531922ee0, 0x000001c52d9f5450, 0x000001c52d9f4f80
}

Java Threads: ( => current thread )
  0x000001c50cd97230 JavaThread "main" [_thread_blocked, id=24940, stack(0x00000019d0900000,0x00000019d0a00000)]
  0x000001c52cea66c0 JavaThread "Reference Handler" daemon [_thread_blocked, id=25944, stack(0x00000019d1000000,0x00000019d1100000)]
  0x000001c52cea7270 JavaThread "Finalizer" daemon [_thread_blocked, id=24936, stack(0x00000019d1100000,0x00000019d1200000)]
  0x000001c52cebc850 JavaThread "Signal Dispatcher" daemon [_thread_blocked, id=25872, stack(0x00000019d1200000,0x00000019d1300000)]
  0x000001c52cebd400 JavaThread "Attach Listener" daemon [_thread_blocked, id=25868, stack(0x00000019d1300000,0x00000019d1400000)]
  0x000001c52cec1ed0 JavaThread "Service Thread" daemon [_thread_blocked, id=25832, stack(0x00000019d1400000,0x00000019d1500000)]
  0x000001c52cec2880 JavaThread "Monitor Deflation Thread" daemon [_thread_blocked, id=26600, stack(0x00000019d1500000,0x00000019d1600000)]
=>0x000001c52cec3610 JavaThread "C2 CompilerThread0" daemon [_thread_in_native, id=24312, stack(0x00000019d1600000,0x00000019d1700000)]
  0x000001c52cec44c0 JavaThread "C1 CompilerThread0" daemon [_thread_blocked, id=25860, stack(0x00000019d1700000,0x00000019d1800000)]
  0x000001c52cede5a0 JavaThread "Sweeper thread" daemon [_thread_blocked, id=25864, stack(0x00000019d1800000,0x00000019d1900000)]
  0x000001c52ce95170 JavaThread "Common-Cleaner" daemon [_thread_blocked, id=25828, stack(0x00000019d1900000,0x00000019d1a00000)]
  0x000001c52db3a5b0 JavaThread "Notification Thread" daemon [_thread_blocked, id=19528, stack(0x00000019d1a00000,0x00000019d1b00000)]
  0x000001c52ef07860 JavaThread "Daemon health stats" [_thread_blocked, id=11496, stack(0x00000019d2000000,0x00000019d2100000)]
  0x000001c52ecd61f0 JavaThread "Incoming local TCP Connector on port 52417" [_thread_in_native, id=23060, stack(0x00000019d2100000,0x00000019d2200000)]
  0x000001c52edd5060 JavaThread "Daemon periodic checks" [_thread_blocked, id=27036, stack(0x00000019d2200000,0x00000019d2300000)]
  0x000001c52f3ca000 JavaThread "Daemon" [_thread_blocked, id=23732, stack(0x00000019d2300000,0x00000019d2400000)]
  0x000001c52f3a3210 JavaThread "Handler for socket connection from /127.0.0.1:52417 to /127.0.0.1:52418" [_thread_in_native, id=26384, stack(0x00000019d2400000,0x00000019d2500000)]
  0x000001c52f642010 JavaThread "Cancel handler" [_thread_blocked, id=21096, stack(0x00000019d2500000,0x00000019d2600000)]
  0x000001c52f6424e0 JavaThread "Daemon worker" [_thread_in_Java, id=1352, stack(0x00000019d2600000,0x00000019d2700000)]
  0x000001c52f1d2170 JavaThread "Asynchronous log dispatcher for DefaultDaemonConnection: socket connection from /127.0.0.1:52417 to /127.0.0.1:52418" [_thread_blocked, id=16372, stack(0x00000019d2700000,0x00000019d2800000)]
  0x000001c52f1d2640 JavaThread "Stdin handler" [_thread_blocked, id=16012, stack(0x00000019d2800000,0x00000019d2900000)]
  0x000001c52e976570 JavaThread "Daemon client event forwarder" [_thread_in_native, id=13076, stack(0x00000019d2900000,0x00000019d2a00000)]
  0x000001c52e9790c0 JavaThread "Cache worker for journal cache (C:\Users\dajoz\.gradle\caches\journal-1)" [_thread_blocked, id=25204, stack(0x00000019d2a00000,0x00000019d2b00000)]
  0x000001c52e9773e0 JavaThread "File lock request listener" [_thread_in_native, id=16596, stack(0x00000019d2b00000,0x00000019d2c00000)]
  0x000001c52e977d80 JavaThread "Cache worker for file hash cache (C:\Users\dajoz\.gradle\caches\8.6\fileHashes)" [_thread_blocked, id=25152, stack(0x00000019d2c00000,0x00000019d2d00000)]
  0x000001c52e976f10 JavaThread "File lock release action executor" [_thread_blocked, id=3064, stack(0x00000019d3000000,0x00000019d3100000)]
  0x000001c52e975700 JavaThread "File watcher server" daemon [_thread_in_native, id=21552, stack(0x00000019d3100000,0x00000019d3200000)]
  0x000001c52e9760a0 JavaThread "File watcher consumer" daemon [_thread_blocked, id=24980, stack(0x00000019d3200000,0x00000019d3300000)]
  0x000001c52e9778b0 JavaThread "Cache worker for checksums cache (C:\laragon\www\aplicacion\android\.gradle\8.6\checksums)" [_thread_blocked, id=23372, stack(0x00000019d3400000,0x00000019d3500000)]
  0x000001c52e978250 JavaThread "Cache worker for file hash cache (C:\laragon\www\aplicacion\android\.gradle\8.6\fileHashes)" [_thread_blocked, id=23380, stack(0x00000019d3500000,0x00000019d3600000)]
  0x000001c52e978720 JavaThread "Cache worker for cache directory md-supplier (C:\Users\dajoz\.gradle\caches\8.6\md-supplier)" [_thread_blocked, id=17668, stack(0x00000019d3600000,0x00000019d3700000)]
  0x000001c52e978bf0 JavaThread "Cache worker for cache directory md-rule (C:\Users\dajoz\.gradle\caches\8.6\md-rule)" [_thread_blocked, id=23448, stack(0x00000019d3700000,0x00000019d3800000)]
  0x000001c52e975bd0 JavaThread "Cache worker for file content cache (C:\Users\dajoz\.gradle\caches\8.6\fileContent)" [_thread_blocked, id=25120, stack(0x00000019d3800000,0x00000019d3900000)]
  0x000001c531923880 JavaThread "jar transforms" [_thread_blocked, id=25016, stack(0x00000019d3900000,0x00000019d3a00000)]
  0x000001c5319280b0 JavaThread "jar transforms Thread 2" [_thread_blocked, id=25176, stack(0x00000019d3a00000,0x00000019d3b00000)]
  0x000001c531925f00 JavaThread "jar transforms Thread 3" [_thread_blocked, id=25236, stack(0x00000019d3b00000,0x00000019d3c00000)]
  0x000001c531921200 JavaThread "jar transforms Thread 4" [_thread_blocked, id=17672, stack(0x00000019d3c00000,0x00000019d3d00000)]
  0x000001c531928580 JavaThread "jar transforms Thread 5" [_thread_blocked, id=25308, stack(0x00000019d3d00000,0x00000019d3e00000)]
  0x000001c5319263d0 JavaThread "jar transforms Thread 6" [_thread_blocked, id=25296, stack(0x00000019d3e00000,0x00000019d3f00000)]
  0x000001c5319246f0 JavaThread "Exec process" [_thread_blocked, id=20388, stack(0x00000019d3f00000,0x00000019d4000000)]
  0x000001c531926d70 JavaThread "Exec process Thread 2" [_thread_blocked, id=8568, stack(0x00000019d4000000,0x00000019d4100000)]
  0x000001c531923d50 JavaThread "Exec process Thread 3" [_thread_blocked, id=24072, stack(0x00000019d4100000,0x00000019d4200000)]
  0x000001c531925090 JavaThread "jar transforms Thread 7" [_thread_blocked, id=25988, stack(0x00000019d4200000,0x00000019d4300000)]
  0x000001c531924220 JavaThread "jar transforms Thread 8" [_thread_blocked, id=27436, stack(0x00000019d4400000,0x00000019d4500000)]
  0x000001c531927240 JavaThread "Unconstrained build operations" [_thread_blocked, id=11360, stack(0x00000019d4500000,0x00000019d4600000)]
  0x000001c531922a10 JavaThread "Unconstrained build operations Thread 2" [_thread_blocked, id=25756, stack(0x00000019d4600000,0x00000019d4700000)]
  0x000001c531927be0 JavaThread "Cache worker for Build Output Cleanup Cache (C:\laragon\www\aplicacion\node_modules\@react-native\gradle-plugin\.gradle\buildOutputCleanup)" [_thread_blocked, id=23220, stack(0x00000019d4800000,0x00000019d4900000)]
  0x000001c5319233b0 JavaThread "Unconstrained build operations Thread 3" [_thread_blocked, id=25496, stack(0x00000019d4900000,0x00000019d4a00000)]
  0x000001c531928a50 JavaThread "Unconstrained build operations Thread 4" [_thread_blocked, id=25532, stack(0x00000019d4a00000,0x00000019d4b00000)]
  0x000001c5319216d0 JavaThread "Unconstrained build operations Thread 5" [_thread_blocked, id=19244, stack(0x00000019d4b00000,0x00000019d4c00000)]
  0x000001c531924bc0 JavaThread "Unconstrained build operations Thread 6" [_thread_blocked, id=388, stack(0x00000019d4c00000,0x00000019d4d00000)]
  0x000001c531921ba0 JavaThread "Unconstrained build operations Thread 7" [_thread_blocked, id=22340, stack(0x00000019d4d00000,0x00000019d4e00000)]
  0x000001c531922540 JavaThread "Unconstrained build operations Thread 8" [_thread_blocked, id=22796, stack(0x00000019d4e00000,0x00000019d4f00000)]
  0x000001c531922ee0 JavaThread "Unconstrained build operations Thread 9" [_thread_blocked, id=25108, stack(0x00000019d4f00000,0x00000019d5000000)]
  0x000001c52d9f5450 JavaThread "build event listener" [_thread_blocked, id=21240, stack(0x00000019d5000000,0x00000019d5100000)]
  0x000001c52d9f4f80 JavaThread "Memory manager" [_thread_blocked, id=21880, stack(0x00000019d5100000,0x00000019d5200000)]

Other Threads:
  0x000001c52cea0c20 VMThread "VM Thread" [stack: 0x00000019d0f00000,0x00000019d1000000] [id=27312]
  0x000001c52daa12a0 WatcherThread [stack: 0x00000019d1b00000,0x00000019d1c00000] [id=7408]
  0x000001c50cdd4680 GCTaskThread "GC Thread#0" [stack: 0x00000019d0a00000,0x00000019d0b00000] [id=25964]
  0x000001c52e3ff530 GCTaskThread "GC Thread#1" [stack: 0x00000019d1c00000,0x00000019d1d00000] [id=8852]
  0x000001c52e3f43d0 GCTaskThread "GC Thread#2" [stack: 0x00000019d1d00000,0x00000019d1e00000] [id=6940]
  0x000001c52e505ed0 GCTaskThread "GC Thread#3" [stack: 0x00000019d1e00000,0x00000019d1f00000] [id=23436]
  0x000001c52e6f8210 GCTaskThread "GC Thread#4" [stack: 0x00000019d1f00000,0x00000019d2000000] [id=17712]
  0x000001c531400cd0 GCTaskThread "GC Thread#5" [stack: 0x00000019d2d00000,0x00000019d2e00000] [id=23296]
  0x000001c52fd10920 GCTaskThread "GC Thread#6" [stack: 0x00000019d2e00000,0x00000019d2f00000] [id=11096]
  0x000001c52f592d80 GCTaskThread "GC Thread#7" [stack: 0x00000019d2f00000,0x00000019d3000000] [id=17048]
  0x000001c50cde65d0 ConcurrentGCThread "G1 Main Marker" [stack: 0x00000019d0b00000,0x00000019d0c00000] [id=25920]
  0x000001c50cde6fe0 ConcurrentGCThread "G1 Conc#0" [stack: 0x00000019d0c00000,0x00000019d0d00000] [id=25984]
  0x000001c52fffbae0 ConcurrentGCThread "G1 Conc#1" [stack: 0x00000019d3300000,0x00000019d3400000] [id=21288]
  0x000001c52cd630e0 ConcurrentGCThread "G1 Refine#0" [stack: 0x00000019d0d00000,0x00000019d0e00000] [id=25928]
  0x000001c52cd63b00 ConcurrentGCThread "G1 Service" [stack: 0x00000019d0e00000,0x00000019d0f00000] [id=24372]

Threads with active compile tasks:
C2 CompilerThread0    44883 7273   !   4       com.google.common.reflect.TypeVisitor::visit (225 bytes)

VM state: not at safepoint (normal execution)

VM Mutex/Monitor currently owned by a thread: None

Heap address: 0x0000000080000000, size: 2048 MB, Compressed Oops mode: 32-bit

CDS archive(s) mapped at: [0x0000000800000000-0x0000000800bc0000-0x0000000800bc0000), size 12320768, SharedBaseAddress: 0x0000000800000000, ArchiveRelocationMode: 0.
Compressed class space mapped at: 0x0000000800c00000-0x000000081a800000, reserved size: 432013312
Narrow klass base: 0x0000000800000000, Narrow klass shift: 0, Narrow klass range: 0x100000000

GC Precious Log:
 CPUs: 8 total, 8 available
 Memory: 7991M
 Large Page Support: Disabled
 NUMA Support: Disabled
 Compressed Oops: Enabled (32-bit)
 Heap Region Size: 1M
 Heap Min Capacity: 8M
 Heap Initial Capacity: 126M
 Heap Max Capacity: 2G
 Pre-touch: Disabled
 Parallel Workers: 8
 Concurrent Workers: 2
 Concurrent Refinement Workers: 8
 Periodic GC: Disabled

Heap:
 garbage-first heap   total 106496K, used 64055K [0x0000000080000000, 0x0000000100000000)
  region size 1024K, 4 young (4096K), 1 survivors (1024K)
 Metaspace       used 64663K, committed 65280K, reserved 479232K
  class space    used 9024K, committed 9280K, reserved 421888K

Heap Regions: E=young(eden), S=young(survivor), O=old, HS=humongous(starts), HC=humongous(continues), CS=collection set, F=free, OA=open archive, CA=closed archive, TAMS=top-at-mark-start (previous, next)
|   0|0x0000000080000000, 0x0000000080100000, 0x0000000080100000|100%|HS|  |TAMS 0x0000000080100000, 0x0000000080000000| Complete 
|   1|0x0000000080100000, 0x0000000080200000, 0x0000000080200000|100%|HC|  |TAMS 0x0000000080200000, 0x0000000080100000| Complete 
|   2|0x0000000080200000, 0x0000000080300000, 0x0000000080300000|100%|HC|  |TAMS 0x0000000080300000, 0x0000000080200000| Complete 
|   3|0x0000000080300000, 0x0000000080400000, 0x0000000080400000|100%|HC|  |TAMS 0x0000000080400000, 0x0000000080300000| Complete 
|   4|0x0000000080400000, 0x0000000080500000, 0x0000000080500000|100%| O|  |TAMS 0x0000000080500000, 0x0000000080400000| Untracked 
|   5|0x0000000080500000, 0x0000000080600000, 0x0000000080600000|100%| O|  |TAMS 0x0000000080600000, 0x0000000080500000| Untracked 
|   6|0x0000000080600000, 0x0000000080700000, 0x0000000080700000|100%| O|  |TAMS 0x0000000080700000, 0x0000000080600000| Untracked 
|   7|0x0000000080700000, 0x0000000080800000, 0x0000000080800000|100%| O|  |TAMS 0x0000000080800000, 0x0000000080700000| Untracked 
|   8|0x0000000080800000, 0x0000000080900000, 0x0000000080900000|100%| O|  |TAMS 0x0000000080900000, 0x0000000080800000| Untracked 
|   9|0x0000000080900000, 0x0000000080a00000, 0x0000000080a00000|100%| O|  |TAMS 0x0000000080a00000, 0x0000000080900000| Untracked 
|  10|0x0000000080a00000, 0x0000000080b00000, 0x0000000080b00000|100%| O|  |TAMS 0x0000000080b00000, 0x0000000080a00000| Untracked 
|  11|0x0000000080b00000, 0x0000000080c00000, 0x0000000080c00000|100%| O|  |TAMS 0x0000000080c00000, 0x0000000080b00000| Untracked 
|  12|0x0000000080c00000, 0x0000000080d00000, 0x0000000080d00000|100%| O|  |TAMS 0x0000000080d00000, 0x0000000080c00000| Untracked 
|  13|0x0000000080d00000, 0x0000000080e00000, 0x0000000080e00000|100%| O|  |TAMS 0x0000000080e00000, 0x0000000080d00000| Untracked 
|  14|0x0000000080e00000, 0x0000000080f00000, 0x0000000080f00000|100%| O|  |TAMS 0x0000000080f00000, 0x0000000080e00000| Untracked 
|  15|0x0000000080f00000, 0x0000000081000000, 0x0000000081000000|100%| O|  |TAMS 0x0000000081000000, 0x0000000080f00000| Untracked 
|  16|0x0000000081000000, 0x0000000081100000, 0x0000000081100000|100%| O|  |TAMS 0x0000000081100000, 0x0000000081000000| Untracked 
|  17|0x0000000081100000, 0x0000000081200000, 0x0000000081200000|100%| O|  |TAMS 0x0000000081200000, 0x0000000081100000| Untracked 
|  18|0x0000000081200000, 0x0000000081300000, 0x0000000081300000|100%| O|  |TAMS 0x0000000081300000, 0x0000000081200000| Untracked 
|  19|0x0000000081300000, 0x0000000081400000, 0x0000000081400000|100%| O|  |TAMS 0x0000000081400000, 0x0000000081300000| Untracked 
|  20|0x0000000081400000, 0x0000000081500000, 0x0000000081500000|100%| O|  |TAMS 0x0000000081500000, 0x0000000081400000| Untracked 
|  21|0x0000000081500000, 0x0000000081600000, 0x0000000081600000|100%| O|  |TAMS 0x0000000081600000, 0x0000000081500000| Untracked 
|  22|0x0000000081600000, 0x0000000081700000, 0x0000000081700000|100%| O|  |TAMS 0x0000000081700000, 0x0000000081600000| Untracked 
|  23|0x0000000081700000, 0x0000000081800000, 0x0000000081800000|100%| O|  |TAMS 0x0000000081800000, 0x0000000081700000| Untracked 
|  24|0x0000000081800000, 0x0000000081900000, 0x0000000081900000|100%| O|  |TAMS 0x0000000081900000, 0x0000000081800000| Untracked 
|  25|0x0000000081900000, 0x0000000081a00000, 0x0000000081a00000|100%| O|  |TAMS 0x0000000081a00000, 0x0000000081900000| Untracked 
|  26|0x0000000081a00000, 0x0000000081b00000, 0x0000000081b00000|100%| O|  |TAMS 0x0000000081b00000, 0x0000000081a00000| Untracked 
|  27|0x0000000081b00000, 0x0000000081c00000, 0x0000000081c00000|100%| O|  |TAMS 0x0000000081c00000, 0x0000000081b00000| Untracked 
|  28|0x0000000081c00000, 0x0000000081d00000, 0x0000000081d00000|100%| O|  |TAMS 0x0000000081d00000, 0x0000000081c00000| Untracked 
|  29|0x0000000081d00000, 0x0000000081e00000, 0x0000000081e00000|100%| O|  |TAMS 0x0000000081e00000, 0x0000000081d00000| Untracked 
|  30|0x0000000081e00000, 0x0000000081f00000, 0x0000000081f00000|100%| O|  |TAMS 0x0000000081f00000, 0x0000000081e00000| Untracked 
|  31|0x0000000081f00000, 0x0000000082000000, 0x0000000082000000|100%| O|  |TAMS 0x0000000082000000, 0x0000000081f00000| Untracked 
|  32|0x0000000082000000, 0x0000000082100000, 0x0000000082100000|100%| O|  |TAMS 0x0000000082100000, 0x0000000082000000| Untracked 
|  33|0x0000000082100000, 0x0000000082200000, 0x0000000082200000|100%| O|  |TAMS 0x0000000082200000, 0x0000000082100000| Untracked 
|  34|0x0000000082200000, 0x0000000082300000, 0x0000000082300000|100%| O|  |TAMS 0x0000000082300000, 0x0000000082200000| Untracked 
|  35|0x0000000082300000, 0x0000000082400000, 0x0000000082400000|100%| O|  |TAMS 0x0000000082400000, 0x0000000082300000| Untracked 
|  36|0x0000000082400000, 0x0000000082500000, 0x0000000082500000|100%| O|  |TAMS 0x0000000082500000, 0x0000000082400000| Untracked 
|  37|0x0000000082500000, 0x0000000082600000, 0x0000000082600000|100%| O|  |TAMS 0x0000000082600000, 0x0000000082500000| Untracked 
|  38|0x0000000082600000, 0x0000000082700000, 0x0000000082700000|100%| O|  |TAMS 0x0000000082700000, 0x0000000082600000| Untracked 
|  39|0x0000000082700000, 0x0000000082800000, 0x0000000082800000|100%| O|  |TAMS 0x0000000082800000, 0x0000000082700000| Untracked 
|  40|0x0000000082800000, 0x0000000082900000, 0x0000000082900000|100%| O|  |TAMS 0x0000000082900000, 0x0000000082800000| Untracked 
|  41|0x0000000082900000, 0x0000000082a00000, 0x0000000082a00000|100%| O|  |TAMS 0x0000000082a00000, 0x0000000082900000| Untracked 
|  42|0x0000000082a00000, 0x0000000082b00000, 0x0000000082b00000|100%| O|  |TAMS 0x0000000082b00000, 0x0000000082a00000| Untracked 
|  43|0x0000000082b00000, 0x0000000082c00000, 0x0000000082c00000|100%|HS|  |TAMS 0x0000000082c00000, 0x0000000082b00000| Complete 
|  44|0x0000000082c00000, 0x0000000082d00000, 0x0000000082d00000|100%|HC|  |TAMS 0x0000000082d00000, 0x0000000082c00000| Complete 
|  45|0x0000000082d00000, 0x0000000082e00000, 0x0000000082e00000|100%|HS|  |TAMS 0x0000000082e00000, 0x0000000082d00000| Complete 
|  46|0x0000000082e00000, 0x0000000082f00000, 0x0000000082f00000|100%|HC|  |TAMS 0x0000000082f00000, 0x0000000082e00000| Complete 
|  47|0x0000000082f00000, 0x0000000083000000, 0x0000000083000000|100%|HS|  |TAMS 0x0000000083000000, 0x0000000082f00000| Complete 
|  48|0x0000000083000000, 0x0000000083100000, 0x0000000083100000|100%|HC|  |TAMS 0x0000000083100000, 0x0000000083000000| Complete 
|  49|0x0000000083100000, 0x0000000083200000, 0x0000000083200000|100%|HC|  |TAMS 0x0000000083200000, 0x0000000083100000| Complete 
|  50|0x0000000083200000, 0x0000000083300000, 0x0000000083300000|100%|HC|  |TAMS 0x0000000083300000, 0x0000000083200000| Complete 
|  51|0x0000000083300000, 0x0000000083400000, 0x0000000083400000|100%| O|  |TAMS 0x0000000083400000, 0x0000000083300000| Untracked 
|  52|0x0000000083400000, 0x0000000083500000, 0x0000000083500000|100%|HS|  |TAMS 0x0000000083500000, 0x0000000083400000| Complete 
|  53|0x0000000083500000, 0x0000000083600000, 0x0000000083600000|100%|HC|  |TAMS 0x0000000083600000, 0x0000000083500000| Complete 
|  54|0x0000000083600000, 0x0000000083700000, 0x0000000083700000|100%|HC|  |TAMS 0x0000000083700000, 0x0000000083600000| Complete 
|  55|0x0000000083700000, 0x0000000083800000, 0x0000000083800000|100%|HC|  |TAMS 0x0000000083800000, 0x0000000083700000| Complete 
|  56|0x0000000083800000, 0x0000000083900000, 0x0000000083900000|100%| O|  |TAMS 0x00000000838d8200, 0x0000000083800000| Untracked 
|  57|0x0000000083900000, 0x0000000083a00000, 0x0000000083a00000|100%| O|  |TAMS 0x0000000083900000, 0x0000000083900000| Untracked 
|  58|0x0000000083a00000, 0x0000000083b00000, 0x0000000083b00000|100%| O|  |TAMS 0x0000000083a00000, 0x0000000083a00000| Untracked 
|  59|0x0000000083b00000, 0x0000000083bb8600, 0x0000000083c00000| 72%| O|  |TAMS 0x0000000083b00000, 0x0000000083b00000| Untracked 
|  60|0x0000000083c00000, 0x0000000083c00000, 0x0000000083d00000|  0%| F|  |TAMS 0x0000000083c00000, 0x0000000083c00000| Untracked 
|  61|0x0000000083d00000, 0x0000000083d00000, 0x0000000083e00000|  0%| F|  |TAMS 0x0000000083d00000, 0x0000000083d00000| Untracked 
|  62|0x0000000083e00000, 0x0000000083e00000, 0x0000000083f00000|  0%| F|  |TAMS 0x0000000083e00000, 0x0000000083e00000| Untracked 
|  63|0x0000000083f00000, 0x0000000083f00000, 0x0000000084000000|  0%| F|  |TAMS 0x0000000083f00000, 0x0000000083f00000| Untracked 
|  64|0x0000000084000000, 0x0000000084000000, 0x0000000084100000|  0%| F|  |TAMS 0x0000000084000000, 0x0000000084000000| Untracked 
|  65|0x0000000084100000, 0x0000000084100000, 0x0000000084200000|  0%| F|  |TAMS 0x0000000084100000, 0x0000000084100000| Untracked 
|  66|0x0000000084200000, 0x0000000084200000, 0x0000000084300000|  0%| F|  |TAMS 0x0000000084200000, 0x0000000084200000| Untracked 
|  67|0x0000000084300000, 0x0000000084300000, 0x0000000084400000|  0%| F|  |TAMS 0x0000000084300000, 0x0000000084300000| Untracked 
|  68|0x0000000084400000, 0x0000000084400000, 0x0000000084500000|  0%| F|  |TAMS 0x0000000084400000, 0x0000000084400000| Untracked 
|  69|0x0000000084500000, 0x0000000084500000, 0x0000000084600000|  0%| F|  |TAMS 0x0000000084500000, 0x0000000084500000| Untracked 
|  70|0x0000000084600000, 0x0000000084600000, 0x0000000084700000|  0%| F|  |TAMS 0x0000000084600000, 0x0000000084600000| Untracked 
|  71|0x0000000084700000, 0x0000000084700000, 0x0000000084800000|  0%| F|  |TAMS 0x0000000084700000, 0x0000000084700000| Untracked 
|  72|0x0000000084800000, 0x0000000084800000, 0x0000000084900000|  0%| F|  |TAMS 0x0000000084800000, 0x0000000084800000| Untracked 
|  73|0x0000000084900000, 0x0000000084900000, 0x0000000084a00000|  0%| F|  |TAMS 0x0000000084900000, 0x0000000084900000| Untracked 
|  74|0x0000000084a00000, 0x0000000084a00000, 0x0000000084b00000|  0%| F|  |TAMS 0x0000000084a00000, 0x0000000084a00000| Untracked 
|  75|0x0000000084b00000, 0x0000000084b00000, 0x0000000084c00000|  0%| F|  |TAMS 0x0000000084b00000, 0x0000000084b00000| Untracked 
|  76|0x0000000084c00000, 0x0000000084c00000, 0x0000000084d00000|  0%| F|  |TAMS 0x0000000084c00000, 0x0000000084c00000| Untracked 
|  77|0x0000000084d00000, 0x0000000084dd57d8, 0x0000000084e00000| 83%| S|CS|TAMS 0x0000000084d00000, 0x0000000084d00000| Complete 
|  78|0x0000000084e00000, 0x0000000084e00000, 0x0000000084f00000|  0%| F|  |TAMS 0x0000000084e00000, 0x0000000084e00000| Untracked 
|  79|0x0000000084f00000, 0x0000000084f00000, 0x0000000085000000|  0%| F|  |TAMS 0x0000000084f00000, 0x0000000084f00000| Untracked 
|  80|0x0000000085000000, 0x0000000085000000, 0x0000000085100000|  0%| F|  |TAMS 0x0000000085000000, 0x0000000085000000| Untracked 
|  81|0x0000000085100000, 0x0000000085100000, 0x0000000085200000|  0%| F|  |TAMS 0x0000000085100000, 0x0000000085100000| Untracked 
|  82|0x0000000085200000, 0x0000000085200000, 0x0000000085300000|  0%| F|  |TAMS 0x0000000085200000, 0x0000000085200000| Untracked 
|  83|0x0000000085300000, 0x0000000085300000, 0x0000000085400000|  0%| F|  |TAMS 0x0000000085300000, 0x0000000085300000| Untracked 
|  84|0x0000000085400000, 0x0000000085400000, 0x0000000085500000|  0%| F|  |TAMS 0x0000000085400000, 0x0000000085400000| Untracked 
|  85|0x0000000085500000, 0x0000000085500000, 0x0000000085600000|  0%| F|  |TAMS 0x0000000085500000, 0x0000000085500000| Untracked 
|  86|0x0000000085600000, 0x0000000085600000, 0x0000000085700000|  0%| F|  |TAMS 0x0000000085600000, 0x0000000085600000| Untracked 
|  87|0x0000000085700000, 0x0000000085700000, 0x0000000085800000|  0%| F|  |TAMS 0x0000000085700000, 0x0000000085700000| Untracked 
|  88|0x0000000085800000, 0x0000000085800000, 0x0000000085900000|  0%| F|  |TAMS 0x0000000085800000, 0x0000000085800000| Untracked 
|  89|0x0000000085900000, 0x0000000085900000, 0x0000000085a00000|  0%| F|  |TAMS 0x0000000085900000, 0x0000000085900000| Untracked 
|  90|0x0000000085a00000, 0x0000000085a00000, 0x0000000085b00000|  0%| F|  |TAMS 0x0000000085a00000, 0x0000000085a00000| Untracked 
|  91|0x0000000085b00000, 0x0000000085b00000, 0x0000000085c00000|  0%| F|  |TAMS 0x0000000085b00000, 0x0000000085b00000| Untracked 
|  92|0x0000000085c00000, 0x0000000085c00000, 0x0000000085d00000|  0%| F|  |TAMS 0x0000000085c00000, 0x0000000085c00000| Untracked 
|  93|0x0000000085d00000, 0x0000000085d00000, 0x0000000085e00000|  0%| F|  |TAMS 0x0000000085d00000, 0x0000000085d00000| Untracked 
|  94|0x0000000085e00000, 0x0000000085e00000, 0x0000000085f00000|  0%| F|  |TAMS 0x0000000085e00000, 0x0000000085e00000| Untracked 
|  95|0x0000000085f00000, 0x0000000085f00000, 0x0000000086000000|  0%| F|  |TAMS 0x0000000085f00000, 0x0000000085f00000| Untracked 
|  96|0x0000000086000000, 0x0000000086000000, 0x0000000086100000|  0%| F|  |TAMS 0x0000000086000000, 0x0000000086000000| Untracked 
|  97|0x0000000086100000, 0x0000000086100000, 0x0000000086200000|  0%| F|  |TAMS 0x0000000086100000, 0x0000000086100000| Untracked 
|  98|0x0000000086200000, 0x0000000086200000, 0x0000000086300000|  0%| F|  |TAMS 0x0000000086200000, 0x0000000086200000| Untracked 
|  99|0x0000000086300000, 0x0000000086300000, 0x0000000086400000|  0%| F|  |TAMS 0x0000000086300000, 0x0000000086300000| Untracked 
| 100|0x0000000086400000, 0x0000000086400000, 0x0000000086500000|  0%| F|  |TAMS 0x0000000086400000, 0x0000000086400000| Untracked 
| 101|0x0000000086500000, 0x00000000865e0f90, 0x0000000086600000| 87%| E|  |TAMS 0x0000000086500000, 0x0000000086500000| Complete 
| 102|0x0000000086600000, 0x0000000086700000, 0x0000000086700000|100%| E|CS|TAMS 0x0000000086600000, 0x0000000086600000| Complete 
| 125|0x0000000087d00000, 0x0000000087e00000, 0x0000000087e00000|100%| E|CS|TAMS 0x0000000087d00000, 0x0000000087d00000| Complete 

Card table byte_map: [0x000001c525c10000,0x000001c526010000] _byte_map_base: 0x000001c525810000

Marking Bits (Prev, Next): (CMBitMap*) 0x000001c50cdd5ca0, (CMBitMap*) 0x000001c50cdd5ce0
 Prev Bits: [0x000001c526410000, 0x000001c528410000)
 Next Bits: [0x000001c528410000, 0x000001c52a410000)

Polling page: 0x000001c50ce60000

Metaspace:

Usage:
  Non-class:     54.37 MB used.
      Class:      8.82 MB used.
       Both:     63.19 MB used.

Virtual space:
  Non-class space:       56.00 MB reserved,      54.69 MB ( 98%) committed,  7 nodes.
      Class space:      412.00 MB reserved,       9.06 MB (  2%) committed,  1 nodes.
             Both:      468.00 MB reserved,      63.75 MB ( 14%) committed. 

Chunk freelists:
   Non-Class:  1.25 MB
       Class:  2.94 MB
        Both:  4.19 MB

MaxMetaspaceSize: 512.00 MB
CompressedClassSpaceSize: 412.00 MB
Initial GC threshold: 21.00 MB
Current GC threshold: 105.94 MB
CDS: on
MetaspaceReclaimPolicy: balanced
 - commit_granule_bytes: 65536.
 - commit_granule_words: 8192.
 - virtual_space_node_default_size: 1048576.
 - enlarge_chunks_in_place: 1.
 - new_chunks_are_fully_committed: 0.
 - uncommit_free_chunks: 1.
 - use_allocation_guard: 0.
 - handle_deallocations: 1.


Internal statistics:

num_allocs_failed_limit: 6.
num_arena_births: 810.
num_arena_deaths: 0.
num_vsnodes_births: 8.
num_vsnodes_deaths: 0.
num_space_committed: 1020.
num_space_uncommitted: 0.
num_chunks_returned_to_freelist: 6.
num_chunks_taken_from_freelist: 3259.
num_chunk_merges: 6.
num_chunk_splits: 2157.
num_chunks_enlarged: 1422.
num_purges: 0.
num_inconsistent_stats: 0.

CodeHeap 'non-profiled nmethods': size=120000Kb used=3471Kb max_used=3471Kb free=116528Kb
 bounds [0x000001c51d870000, 0x000001c51dbe0000, 0x000001c524da0000]
CodeHeap 'profiled nmethods': size=120000Kb used=13044Kb max_used=13044Kb free=106955Kb
 bounds [0x000001c516340000, 0x000001c517000000, 0x000001c51d870000]
CodeHeap 'non-nmethods': size=5760Kb used=2414Kb max_used=2436Kb free=3346Kb
 bounds [0x000001c515da0000, 0x000001c516010000, 0x000001c516340000]
 total_blobs=7397 nmethods=6469 adapters=839
 compilation: enabled
              stopped_count=0, restarted_count=0
 full_count=0

Compilation events (20 events):
Event: 44.667 Thread 0x000001c52cec44c0 7283       3       java.util.Collections$EmptySet::toArray (11 bytes)
Event: 44.668 Thread 0x000001c52cec44c0 nmethod 7283 0x000001c516fed290 code [0x000001c516fed440, 0x000001c516fed738]
Event: 44.668 Thread 0x000001c52cec44c0 7284       3       org.gradle.internal.instantiation.generator.AsmBackedClassGenerator$ClassBuilderImpl::addSetter (16 bytes)
Event: 44.670 Thread 0x000001c52cec44c0 nmethod 7284 0x000001c516fed810 code [0x000001c516feda20, 0x000001c516fee0d8]
Event: 44.685 Thread 0x000001c52cec44c0 7285       1       org.gradle.tooling.internal.provider.runner.PluginApplicationTracker$PluginApplication::getPlugin (5 bytes)
Event: 44.685 Thread 0x000001c52cec44c0 nmethod 7285 0x000001c51dbd3690 code [0x000001c51dbd3820, 0x000001c51dbd38f8]
Event: 44.689 Thread 0x000001c52cec44c0 7286       3       java.nio.MappedByteBuffer::flip (5 bytes)
Event: 44.689 Thread 0x000001c52cec44c0 nmethod 7286 0x000001c516fee310 code [0x000001c516fee4c0, 0x000001c516fee6f8]
Event: 44.767 Thread 0x000001c52cec44c0 7288       3       java.util.regex.CharPredicates$$Lambda$21/0x0000000800c47a58::is (5 bytes)
Event: 44.768 Thread 0x000001c52cec44c0 nmethod 7288 0x000001c516fee810 code [0x000001c516fee9e0, 0x000001c516feedf8]
Event: 44.785 Thread 0x000001c52cec44c0 7289       3       org.gradle.internal.snapshot.VfsRelativePath::isPrefixOf (15 bytes)
Event: 44.786 Thread 0x000001c52cec44c0 nmethod 7289 0x000001c516feef90 code [0x000001c516fef120, 0x000001c516fef268]
Event: 44.807 Thread 0x000001c52cec44c0 7290       3       com.google.common.collect.ImmutableSet$Builder::add (6 bytes)
Event: 44.807 Thread 0x000001c52cec44c0 nmethod 7290 0x000001c516fef310 code [0x000001c516fef4c0, 0x000001c516fef688]
Event: 44.817 Thread 0x000001c52cec44c0 7291       3       org.gradle.api.internal.DefaultDomainObjectCollection::assertMutable (12 bytes)
Event: 44.818 Thread 0x000001c52cec44c0 nmethod 7291 0x000001c516fef710 code [0x000001c516fef8c0, 0x000001c516fefb78]
Event: 44.818 Thread 0x000001c52cec44c0 7292       3       org.gradle.api.internal.AbstractMutationGuard::assertMutationAllowed (28 bytes)
Event: 44.820 Thread 0x000001c52cec44c0 nmethod 7292 0x000001c516fefc90 code [0x000001c516fefee0, 0x000001c516ff0928]
Event: 44.828 Thread 0x000001c52cec44c0 7293   !   3       sun.nio.ch.IOUtil::writeFromNativeBuffer (173 bytes)
Event: 44.829 Thread 0x000001c52cec44c0 nmethod 7293 0x000001c516ff0d10 code [0x000001c516ff0fc0, 0x000001c516ff1db8]

GC Heap History (20 events):
Event: 36.026 GC heap before
{Heap before GC invocations=17 (full 0):
 garbage-first heap   total 78848K, used 58284K [0x0000000080000000, 0x0000000100000000)
  region size 1024K, 22 young (22528K), 3 survivors (3072K)
 Metaspace       used 53269K, committed 53824K, reserved 471040K
  class space    used 7532K, committed 7808K, reserved 421888K
}
Event: 36.041 GC heap after
{Heap after GC invocations=18 (full 0):
 garbage-first heap   total 78848K, used 42613K [0x0000000080000000, 0x0000000100000000)
  region size 1024K, 2 young (2048K), 2 survivors (2048K)
 Metaspace       used 53269K, committed 53824K, reserved 471040K
  class space    used 7532K, committed 7808K, reserved 421888K
}
Event: 38.349 GC heap before
{Heap before GC invocations=19 (full 0):
 garbage-first heap   total 78848K, used 66165K [0x0000000080000000, 0x0000000100000000)
  region size 1024K, 23 young (23552K), 2 survivors (2048K)
 Metaspace       used 55141K, committed 55680K, reserved 471040K
  class space    used 7698K, committed 7936K, reserved 421888K
}
Event: 38.358 GC heap after
{Heap after GC invocations=20 (full 0):
 garbage-first heap   total 78848K, used 43978K [0x0000000080000000, 0x0000000100000000)
  region size 1024K, 3 young (3072K), 3 survivors (3072K)
 Metaspace       used 55141K, committed 55680K, reserved 471040K
  class space    used 7698K, committed 7936K, reserved 421888K
}
Event: 38.587 GC heap before
{Heap before GC invocations=20 (full 0):
 garbage-first heap   total 78848K, used 49098K [0x0000000080000000, 0x0000000100000000)
  region size 1024K, 9 young (9216K), 3 survivors (3072K)
 Metaspace       used 55216K, committed 55808K, reserved 471040K
  class space    used 7698K, committed 7936K, reserved 421888K
}
Event: 38.592 GC heap after
{Heap after GC invocations=21 (full 0):
 garbage-first heap   total 78848K, used 45426K [0x0000000080000000, 0x0000000100000000)
  region size 1024K, 2 young (2048K), 2 survivors (2048K)
 Metaspace       used 55216K, committed 55808K, reserved 471040K
  class space    used 7698K, committed 7936K, reserved 421888K
}
Event: 39.822 GC heap before
{Heap before GC invocations=22 (full 0):
 garbage-first heap   total 87040K, used 65906K [0x0000000080000000, 0x0000000100000000)
  region size 1024K, 18 young (18432K), 2 survivors (2048K)
 Metaspace       used 57292K, committed 57920K, reserved 479232K
  class space    used 7956K, committed 8256K, reserved 421888K
}
Event: 39.826 GC heap after
{Heap after GC invocations=23 (full 0):
 garbage-first heap   total 87040K, used 49180K [0x0000000080000000, 0x0000000100000000)
  region size 1024K, 2 young (2048K), 2 survivors (2048K)
 Metaspace       used 57292K, committed 57920K, reserved 479232K
  class space    used 7956K, committed 8256K, reserved 421888K
}
Event: 40.218 GC heap before
{Heap before GC invocations=23 (full 0):
 garbage-first heap   total 87040K, used 52252K [0x0000000080000000, 0x0000000100000000)
  region size 1024K, 6 young (6144K), 2 survivors (2048K)
 Metaspace       used 57528K, committed 58176K, reserved 479232K
  class space    used 8000K, committed 8320K, reserved 421888K
}
Event: 40.222 GC heap after
{Heap after GC invocations=24 (full 0):
 garbage-first heap   total 87040K, used 49619K [0x0000000080000000, 0x0000000100000000)
  region size 1024K, 2 young (2048K), 2 survivors (2048K)
 Metaspace       used 57528K, committed 58176K, reserved 479232K
  class space    used 8000K, committed 8320K, reserved 421888K
}
Event: 40.333 GC heap before
{Heap before GC invocations=25 (full 0):
 garbage-first heap   total 91136K, used 53715K [0x0000000080000000, 0x0000000100000000)
  region size 1024K, 3 young (3072K), 2 survivors (2048K)
 Metaspace       used 57528K, committed 58176K, reserved 479232K
  class space    used 8000K, committed 8320K, reserved 421888K
}
Event: 40.338 GC heap after
{Heap after GC invocations=26 (full 0):
 garbage-first heap   total 91136K, used 54254K [0x0000000080000000, 0x0000000100000000)
  region size 1024K, 1 young (1024K), 1 survivors (1024K)
 Metaspace       used 57528K, committed 58176K, reserved 479232K
  class space    used 8000K, committed 8320K, reserved 421888K
}
Event: 41.704 GC heap before
{Heap before GC invocations=27 (full 0):
 garbage-first heap   total 97280K, used 74734K [0x0000000080000000, 0x0000000100000000)
  region size 1024K, 17 young (17408K), 1 survivors (1024K)
 Metaspace       used 58718K, committed 59328K, reserved 479232K
  class space    used 8164K, committed 8448K, reserved 421888K
}
Event: 41.707 GC heap after
{Heap after GC invocations=28 (full 0):
 garbage-first heap   total 97280K, used 59213K [0x0000000080000000, 0x0000000100000000)
  region size 1024K, 2 young (2048K), 2 survivors (2048K)
 Metaspace       used 58718K, committed 59328K, reserved 479232K
  class space    used 8164K, committed 8448K, reserved 421888K
}
Event: 42.745 GC heap before
{Heap before GC invocations=28 (full 0):
 garbage-first heap   total 97280K, used 75597K [0x0000000080000000, 0x0000000100000000)
  region size 1024K, 19 young (19456K), 2 survivors (2048K)
 Metaspace       used 60749K, committed 61376K, reserved 479232K
  class space    used 8436K, committed 8704K, reserved 421888K
}
Event: 42.749 GC heap after
{Heap after GC invocations=29 (full 0):
 garbage-first heap   total 97280K, used 59668K [0x0000000080000000, 0x0000000100000000)
  region size 1024K, 2 young (2048K), 2 survivors (2048K)
 Metaspace       used 60749K, committed 61376K, reserved 479232K
  class space    used 8436K, committed 8704K, reserved 421888K
}
Event: 43.494 GC heap before
{Heap before GC invocations=30 (full 0):
 garbage-first heap   total 104448K, used 76052K [0x0000000080000000, 0x0000000100000000)
  region size 1024K, 19 young (19456K), 2 survivors (2048K)
 Metaspace       used 62353K, committed 62976K, reserved 479232K
  class space    used 8644K, committed 8960K, reserved 421888K
}
Event: 43.500 GC heap after
{Heap after GC invocations=31 (full 0):
 garbage-first heap   total 104448K, used 61169K [0x0000000080000000, 0x0000000100000000)
  region size 1024K, 3 young (3072K), 3 survivors (3072K)
 Metaspace       used 62353K, committed 62976K, reserved 479232K
  class space    used 8644K, committed 8960K, reserved 421888K
}
Event: 44.606 GC heap before
{Heap before GC invocations=31 (full 0):
 garbage-first heap   total 104448K, used 82673K [0x0000000080000000, 0x0000000100000000)
  region size 1024K, 24 young (24576K), 3 survivors (3072K)
 Metaspace       used 64402K, committed 65024K, reserved 479232K
  class space    used 8980K, committed 9216K, reserved 421888K
}
Event: 44.615 GC heap after
{Heap after GC invocations=32 (full 0):
 garbage-first heap   total 104448K, used 62007K [0x0000000080000000, 0x0000000100000000)
  region size 1024K, 1 young (1024K), 1 survivors (1024K)
 Metaspace       used 64402K, committed 65024K, reserved 479232K
  class space    used 8980K, committed 9216K, reserved 421888K
}

Deoptimization events (20 events):
Event: 43.267 Thread 0x000001c52f6424e0 DEOPT PACKING pc=0x000001c51dbab3d0 sp=0x00000019d26f58b0
Event: 43.267 Thread 0x000001c52f6424e0 DEOPT UNPACKING pc=0x000001c515df5c23 sp=0x00000019d26f5798 mode 2
Event: 43.268 Thread 0x000001c52f6424e0 Uncommon trap: trap_request=0xffffffde fr.pc=0x000001c51dbab3d0 relative=0x0000000000000570
Event: 43.268 Thread 0x000001c52f6424e0 Uncommon trap: reason=class_check action=maybe_recompile pc=0x000001c51dbab3d0 method=kotlin.reflect.jvm.internal.impl.protobuf.CodedInputStream.tryRefillBuffer(I)Z @ 175 c2
Event: 43.268 Thread 0x000001c52f6424e0 DEOPT PACKING pc=0x000001c51dbab3d0 sp=0x00000019d26f59a0
Event: 43.268 Thread 0x000001c52f6424e0 DEOPT UNPACKING pc=0x000001c515df5c23 sp=0x00000019d26f5888 mode 2
Event: 43.270 Thread 0x000001c52f6424e0 Uncommon trap: trap_request=0xffffffde fr.pc=0x000001c51dbab3d0 relative=0x0000000000000570
Event: 43.270 Thread 0x000001c52f6424e0 Uncommon trap: reason=class_check action=maybe_recompile pc=0x000001c51dbab3d0 method=kotlin.reflect.jvm.internal.impl.protobuf.CodedInputStream.tryRefillBuffer(I)Z @ 175 c2
Event: 43.270 Thread 0x000001c52f6424e0 DEOPT PACKING pc=0x000001c51dbab3d0 sp=0x00000019d26f59a0
Event: 43.270 Thread 0x000001c52f6424e0 DEOPT UNPACKING pc=0x000001c515df5c23 sp=0x00000019d26f5888 mode 2
Event: 43.702 Thread 0x000001c52f6424e0 DEOPT PACKING pc=0x000001c51676ecdc sp=0x00000019d26f5660
Event: 43.702 Thread 0x000001c52f6424e0 DEOPT UNPACKING pc=0x000001c515df6763 sp=0x00000019d26f4be0 mode 0
Event: 43.767 Thread 0x000001c52f6424e0 Uncommon trap: trap_request=0xffffffbe fr.pc=0x000001c51d912ac4 relative=0x00000000000001a4
Event: 43.767 Thread 0x000001c52f6424e0 Uncommon trap: reason=profile_predicate action=maybe_recompile pc=0x000001c51d912ac4 method=java.util.LinkedHashMap.keysToArray([Ljava/lang/Object;)[Ljava/lang/Object; @ 12 c2
Event: 43.767 Thread 0x000001c52f6424e0 DEOPT PACKING pc=0x000001c51d912ac4 sp=0x00000019d26f3bb0
Event: 43.767 Thread 0x000001c52f6424e0 DEOPT UNPACKING pc=0x000001c515df5c23 sp=0x00000019d26f3b68 mode 2
Event: 44.351 Thread 0x000001c52f6424e0 Uncommon trap: trap_request=0xffffffbe fr.pc=0x000001c51d912ac4 relative=0x00000000000001a4
Event: 44.351 Thread 0x000001c52f6424e0 Uncommon trap: reason=profile_predicate action=maybe_recompile pc=0x000001c51d912ac4 method=java.util.LinkedHashMap.keysToArray([Ljava/lang/Object;)[Ljava/lang/Object; @ 12 c2
Event: 44.351 Thread 0x000001c52f6424e0 DEOPT PACKING pc=0x000001c51d912ac4 sp=0x00000019d26f38d0
Event: 44.351 Thread 0x000001c52f6424e0 DEOPT UNPACKING pc=0x000001c515df5c23 sp=0x00000019d26f3888 mode 2

Classes unloaded (0 events):
No events

Classes redefined (0 events):
No events

Internal exceptions (20 events):
Event: 36.973 Thread 0x000001c52f6424e0 Exception <a 'java/lang/NoSuchMethodError'{0x00000000844e5b10}: static Lorg/gradle/api/internal/catalog/DependencyModel;.<clinit>()V> (0x00000000844e5b10) 
thrown [t:\workspace\open\src\hotspot\share\prims\jni.cpp, line 1107]
Event: 36.977 Thread 0x000001c52f6424e0 Exception <a 'java/lang/NoSuchMethodError'{0x00000000844ec1e0}: static Lorg/gradle/api/internal/catalog/AbstractContextAwareModel;.<clinit>()V> (0x00000000844ec1e0) 
thrown [t:\workspace\open\src\hotspot\share\prims\jni.cpp, line 1107]
Event: 36.980 Thread 0x000001c52f6424e0 Exception <a 'java/lang/NoSuchMethodError'{0x0000000084305ee0}: static Lorg/gradle/api/internal/artifacts/dependencies/AbstractVersionConstraint;.<clinit>()V> (0x0000000084305ee0) 
thrown [t:\workspace\open\src\hotspot\share\prims\jni.cpp, line 1107]
Event: 36.997 Thread 0x000001c52f6424e0 Exception <a 'java/lang/NoSuchMethodError'{0x00000000843b7918}: static Lorg/gradle/api/internal/catalog/PluginModel;.<clinit>()V> (0x00000000843b7918) 
thrown [t:\workspace\open\src\hotspot\share\prims\jni.cpp, line 1107]
Event: 37.000 Thread 0x000001c52f6424e0 Exception <a 'java/lang/NoSuchMethodError'{0x00000000843ce940}: static Lorg/gradle/api/internal/catalog/VersionModel;.<clinit>()V> (0x00000000843ce940) 
thrown [t:\workspace\open\src\hotspot\share\prims\jni.cpp, line 1107]
Event: 37.020 Thread 0x000001c52f6424e0 Exception <a 'java/lang/NoSuchMethodError'{0x00000000843e6da0}: 'void java.lang.invoke.DirectMethodHandle$Holder.invokeSpecial(java.lang.Object, java.lang.Object, java.lang.Object, int)'> (0x00000000843e6da0) 
thrown [t:\workspace\open\src\hotspot\share\interpreter\linkResolver.cpp, line 766]
Event: 38.956 Thread 0x000001c52f6424e0 Exception <a 'java/lang/NoSuchMethodError'{0x000000008506aea0}: static Lorg/jetbrains/kotlin/gradle/plugin/internal/DefaultConfigurationTimePropertiesAccessorVariantFactory;.<clinit>()V> (0x000000008506aea0) 
thrown [t:\workspace\open\src\hotspot\share\prims\jni.cpp, line 1107]
Event: 38.963 Thread 0x000001c52f6424e0 Exception <a 'java/lang/NoSuchMethodError'{0x000000008508bdb0}: static Lorg/jetbrains/kotlin/gradle/plugin/internal/DefaultProjectIsolationStartParameterAccessorVariantFactory;.<clinit>()V> (0x000000008508bdb0) 
thrown [t:\workspace\open\src\hotspot\share\prims\jni.cpp, line 1107]
Event: 38.971 Thread 0x000001c52f6424e0 Exception <a 'java/lang/NoSuchMethodError'{0x00000000850bad10}: static Lorg/jetbrains/kotlin/gradle/plugin/internal/DefaultArtifactTypeAttributeAccessorVariantFactory;.<clinit>()V> (0x00000000850bad10) 
thrown [t:\workspace\open\src\hotspot\share\prims\jni.cpp, line 1107]
Event: 38.984 Thread 0x000001c52f6424e0 Exception <a 'java/lang/NoSuchMethodError'{0x00000000850ea8a8}: static Lorg/jetbrains/kotlin/gradle/plugin/internal/DefaultCompatibilityConventionRegistrar$Factory;.<clinit>()V> (0x00000000850ea8a8) 
thrown [t:\workspace\open\src\hotspot\share\prims\jni.cpp, line 1107]
Event: 38.989 Thread 0x000001c52f6424e0 Exception <a 'java/lang/NoSuchMethodError'{0x0000000084f0d3a0}: static Lorg/jetbrains/kotlin/gradle/plugin/internal/DefaultJavaSourceSetsAccessorVariantFactory;.<clinit>()V> (0x0000000084f0d3a0) 
thrown [t:\workspace\open\src\hotspot\share\prims\jni.cpp, line 1107]
Event: 38.996 Thread 0x000001c52f6424e0 Exception <a 'java/lang/NoSuchMethodError'{0x0000000084f2e458}: static Lorg/jetbrains/kotlin/gradle/plugin/internal/DefaultIdeaSyncDetectorVariantFactory;.<clinit>()V> (0x0000000084f2e458) 
thrown [t:\workspace\open\src\hotspot\share\prims\jni.cpp, line 1107]
Event: 39.053 Thread 0x000001c52f6424e0 Exception <a 'java/lang/NoSuchMethodError'{0x0000000084f50d80}: static Lorg/jetbrains/kotlin/gradle/plugin/internal/DefaultKotlinTestReportCompatibilityHelperVariantFactory;.<clinit>()V> (0x0000000084f50d80) 
thrown [t:\workspace\open\src\hotspot\share\prims\jni.cpp, line 1107]
Event: 39.083 Thread 0x000001c52f6424e0 Exception <a 'java/lang/NoSuchMethodError'{0x0000000084f72d18}: static Lorg/jetbrains/kotlin/gradle/plugin/internal/DefaultMppTestReportHelperVariantFactory;.<clinit>()V> (0x0000000084f72d18) 
thrown [t:\workspace\open\src\hotspot\share\prims\jni.cpp, line 1107]
Event: 39.089 Thread 0x000001c52f6424e0 Exception <a 'java/lang/NoSuchMethodError'{0x0000000084fa2218}: static Lorg/jetbrains/kotlin/gradle/plugin/internal/DefaultConfigurationCacheStartParameterAccessorVariantFactory;.<clinit>()V> (0x0000000084fa2218) 
thrown [t:\workspace\open\src\hotspot\share\prims\jni.cpp, line 1107]
Event: 39.115 Thread 0x000001c52f6424e0 Exception <a 'java/lang/NoSuchMethodError'{0x0000000084fc4e60}: static Lorg/jetbrains/kotlin/gradle/plugin/internal/MavenPluginConfigurator$DefaultMavenPluginConfiguratorVariantFactory;.<clinit>()V> (0x0000000084fc4e60) 
thrown [t:\workspace\open\src\hotspot\share\prims\jni.cpp, line 1107]
Event: 39.120 Thread 0x000001c52f6424e0 Exception <a 'java/lang/NoSuchMethodError'{0x0000000084fe61b0}: static Lorg/jetbrains/kotlin/gradle/targets/js/nodejs/DefaultUnameExecutorVariantFactory;.<clinit>()V> (0x0000000084fe61b0) 
thrown [t:\workspace\open\src\hotspot\share\prims\jni.cpp, line 1107]
Event: 39.127 Thread 0x000001c52f6424e0 Exception <a 'java/lang/NoSuchMethodError'{0x0000000084e081f8}: static Lorg/jetbrains/kotlin/gradle/plugin/internal/DefaultBasePluginConfigurationVariantFactory;.<clinit>()V> (0x0000000084e081f8) 
thrown [t:\workspace\open\src\hotspot\share\prims\jni.cpp, line 1107]
Event: 39.246 Thread 0x000001c52f6424e0 Exception <a 'java/lang/IncompatibleClassChangeError'{0x0000000084d64ec8}: Found class java.lang.Object, but interface was expected> (0x0000000084d64ec8) 
thrown [t:\workspace\open\src\hotspot\share\interpreter\linkResolver.cpp, line 833]
Event: 40.616 Thread 0x000001c52f6424e0 Implicit null exception at 0x000001c51d8eb5d4 to 0x000001c51d8eba8c

VM Operations (20 events):
Event: 41.704 Executing VM operation: G1CollectForAllocation
Event: 41.707 Executing VM operation: G1CollectForAllocation done
Event: 42.718 Executing VM operation: Cleanup
Event: 42.718 Executing VM operation: Cleanup done
Event: 42.745 Executing VM operation: G1CollectForAllocation
Event: 42.749 Executing VM operation: G1CollectForAllocation done
Event: 42.825 Executing VM operation: G1Concurrent
Event: 42.831 Executing VM operation: G1Concurrent done
Event: 42.856 Executing VM operation: G1Concurrent
Event: 42.856 Executing VM operation: G1Concurrent done
Event: 43.494 Executing VM operation: G1CollectForAllocation
Event: 43.500 Executing VM operation: G1CollectForAllocation done
Event: 44.513 Executing VM operation: Cleanup
Event: 44.530 Executing VM operation: Cleanup done
Event: 44.606 Executing VM operation: G1CollectForAllocation
Event: 44.621 Executing VM operation: G1CollectForAllocation done
Event: 44.712 Executing VM operation: G1Concurrent
Event: 44.721 Executing VM operation: G1Concurrent done
Event: 44.762 Executing VM operation: G1Concurrent
Event: 44.762 Executing VM operation: G1Concurrent done

Events (20 events):
Event: 44.095 loading class javax/xml/parsers/DocumentBuilderFactory done
Event: 44.095 loading class javax/xml/parsers/FactoryFinder
Event: 44.096 loading class javax/xml/parsers/FactoryFinder done
Event: 44.097 loading class javax/xml/parsers/FactoryFinder$1
Event: 44.097 loading class javax/xml/parsers/FactoryFinder$1 done
Event: 44.098 loading class com/sun/org/apache/xerces/internal/jaxp/DocumentBuilderFactoryImpl
Event: 44.099 loading class com/sun/org/apache/xerces/internal/jaxp/DocumentBuilderFactoryImpl done
Event: 44.099 loading class com/sun/org/apache/xerces/internal/utils/XMLSecurityManager
Event: 44.100 loading class com/sun/org/apache/xerces/internal/utils/XMLSecurityManager done
Event: 44.100 loading class com/sun/org/apache/xerces/internal/utils/XMLSecurityManager$Limit
Event: 44.100 loading class com/sun/org/apache/xerces/internal/utils/XMLSecurityManager$Limit done
Event: 44.100 loading class com/sun/org/apache/xerces/internal/utils/XMLSecurityManager$NameMap
Event: 44.101 loading class com/sun/org/apache/xerces/internal/utils/XMLSecurityManager$NameMap done
Event: 44.101 loading class com/sun/org/apache/xerces/internal/utils/XMLSecurityPropertyManager
Event: 44.101 loading class com/sun/org/apache/xerces/internal/utils/XMLSecurityPropertyManager done
Event: 44.101 loading class com/sun/org/apache/xerces/internal/utils/XMLSecurityPropertyManager$State
Event: 44.101 loading class com/sun/org/apache/xerces/internal/utils/XMLSecurityPropertyManager$State done
Event: 44.101 loading class com/sun/org/apache/xerces/internal/utils/XMLSecurityPropertyManager$Property
Event: 44.101 loading class com/sun/org/apache/xerces/internal/utils/XMLSecurityPropertyManager$Property done
Event: 44.214 Thread 0x000001c52d9f4f80 Thread added: 0x000001c52d9f4f80


Dynamic libraries:
0x00007ff6b8330000 - 0x00007ff6b8340000 	C:\Program Files\Java\jdk-17\bin\java.exe
0x00007ff8d3ab0000 - 0x00007ff8d3cc7000 	C:\WINDOWS\SYSTEM32\ntdll.dll
0x00007ff8d2110000 - 0x00007ff8d21d4000 	C:\WINDOWS\System32\KERNEL32.DLL
0x00007ff8d0e70000 - 0x00007ff8d121d000 	C:\WINDOWS\System32\KERNELBASE.dll
0x00007ff8d1650000 - 0x00007ff8d1761000 	C:\WINDOWS\System32\ucrtbase.dll
0x00007ff8be380000 - 0x00007ff8be398000 	C:\Program Files\Java\jdk-17\bin\jli.dll
0x00007ff8d1c60000 - 0x00007ff8d1d12000 	C:\WINDOWS\System32\ADVAPI32.dll
0x00007ff8d2fe0000 - 0x00007ff8d3087000 	C:\WINDOWS\System32\msvcrt.dll
0x00007ff8d3860000 - 0x00007ff8d3909000 	C:\WINDOWS\System32\sechost.dll
0x00007ff8d14b0000 - 0x00007ff8d14d8000 	C:\WINDOWS\System32\bcrypt.dll
0x00007ff8d1d20000 - 0x00007ff8d1e34000 	C:\WINDOWS\System32\RPCRT4.dll
0x00007ff8d3510000 - 0x00007ff8d36be000 	C:\WINDOWS\System32\USER32.dll
0x00007ff8d1480000 - 0x00007ff8d14a6000 	C:\WINDOWS\System32\win32u.dll
0x00007ff8d21e0000 - 0x00007ff8d2209000 	C:\WINDOWS\System32\GDI32.dll
0x00007ff8be360000 - 0x00007ff8be37a000 	C:\Program Files\Java\jdk-17\bin\VCRUNTIME140.dll
0x00007ff8d1360000 - 0x00007ff8d1479000 	C:\WINDOWS\System32\gdi32full.dll
0x00007ff8d0dd0000 - 0x00007ff8d0e6a000 	C:\WINDOWS\System32\msvcp_win.dll
0x00007ff8bc860000 - 0x00007ff8bcaf3000 	C:\WINDOWS\WinSxS\amd64_microsoft.windows.common-controls_6595b64144ccf1df_6.0.22621.3672_none_2713b9d173822955\COMCTL32.dll
0x00007ff8c5c40000 - 0x00007ff8c5c4a000 	C:\WINDOWS\SYSTEM32\VERSION.dll
0x00007ff8d20d0000 - 0x00007ff8d2101000 	C:\WINDOWS\System32\IMM32.DLL
0x00007ff8c3000000 - 0x00007ff8c300c000 	C:\Program Files\Java\jdk-17\bin\vcruntime140_1.dll
0x00007ff8be2d0000 - 0x00007ff8be35d000 	C:\Program Files\Java\jdk-17\bin\msvcp140.dll
0x00007ff828580000 - 0x00007ff82913e000 	C:\Program Files\Java\jdk-17\bin\server\jvm.dll
0x00007ff8d26b0000 - 0x00007ff8d26b8000 	C:\WINDOWS\System32\PSAPI.DLL
0x00007ff8c3030000 - 0x00007ff8c3039000 	C:\WINDOWS\SYSTEM32\WSOCK32.dll
0x00007ff8d2050000 - 0x00007ff8d20c1000 	C:\WINDOWS\System32\WS2_32.dll
0x00007ff8cc1c0000 - 0x00007ff8cc1f4000 	C:\WINDOWS\SYSTEM32\WINMM.dll
0x00007ff8cfdc0000 - 0x00007ff8cfdd8000 	C:\WINDOWS\SYSTEM32\kernel.appcore.dll
0x00007ff8c28c0000 - 0x00007ff8c28ca000 	C:\Program Files\Java\jdk-17\bin\jimage.dll
0x00007ff8ce440000 - 0x00007ff8ce672000 	C:\WINDOWS\SYSTEM32\DBGHELP.DLL
0x00007ff8d18c0000 - 0x00007ff8d1c4d000 	C:\WINDOWS\System32\combase.dll
0x00007ff8d17e0000 - 0x00007ff8d18b7000 	C:\WINDOWS\System32\OLEAUT32.dll
0x00007ff8abc30000 - 0x00007ff8abc62000 	C:\WINDOWS\SYSTEM32\dbgcore.DLL
0x00007ff8d1220000 - 0x00007ff8d129b000 	C:\WINDOWS\System32\bcryptPrimitives.dll
0x00007ff8be110000 - 0x00007ff8be11e000 	C:\Program Files\Java\jdk-17\bin\instrument.dll
0x00007ff8be2a0000 - 0x00007ff8be2c5000 	C:\Program Files\Java\jdk-17\bin\java.dll
0x00007ff8be1c0000 - 0x00007ff8be296000 	C:\Program Files\Java\jdk-17\bin\svml.dll
0x00007ff8d26c0000 - 0x00007ff8d2f27000 	C:\WINDOWS\System32\SHELL32.dll
0x00007ff8cecd0000 - 0x00007ff8cf5ce000 	C:\WINDOWS\SYSTEM32\windows.storage.dll
0x00007ff8ceb90000 - 0x00007ff8ceccf000 	C:\WINDOWS\SYSTEM32\wintypes.dll
0x00007ff8d25b0000 - 0x00007ff8d26a9000 	C:\WINDOWS\System32\SHCORE.dll
0x00007ff8d2550000 - 0x00007ff8d25ae000 	C:\WINDOWS\System32\shlwapi.dll
0x00007ff8d0d00000 - 0x00007ff8d0d21000 	C:\WINDOWS\SYSTEM32\profapi.dll
0x00007ff8be160000 - 0x00007ff8be178000 	C:\Program Files\Java\jdk-17\bin\zip.dll
0x00007ff8be1a0000 - 0x00007ff8be1b9000 	C:\Program Files\Java\jdk-17\bin\net.dll
0x00007ff8cd2c0000 - 0x00007ff8cd3f6000 	C:\WINDOWS\SYSTEM32\WINHTTP.dll
0x00007ff8d0230000 - 0x00007ff8d0299000 	C:\WINDOWS\system32\mswsock.dll
0x00007ff8be180000 - 0x00007ff8be195000 	C:\Program Files\Java\jdk-17\bin\nio.dll
0x00007ff8be150000 - 0x00007ff8be160000 	C:\Program Files\Java\jdk-17\bin\verify.dll
0x00007ff8c28d0000 - 0x00007ff8c28f7000 	C:\Users\dajoz\.gradle\native\c067742578af261105cb4f569cf0c3c89f3d7b1fecec35dd04571415982c5e48\windows-amd64\native-platform.dll
0x00007ff867f30000 - 0x00007ff868074000 	C:\Users\dajoz\.gradle\native\38dada09dfb8b06ba9b0570ebf7e218e3eb74d4ef43ca46872605cf95ebc2f47\windows-amd64\native-platform-file-events.dll
0x00007ff8be130000 - 0x00007ff8be139000 	C:\Program Files\Java\jdk-17\bin\management.dll
0x00007ff8be120000 - 0x00007ff8be12b000 	C:\Program Files\Java\jdk-17\bin\management_ext.dll
0x00007ff8d0450000 - 0x00007ff8d046b000 	C:\WINDOWS\SYSTEM32\CRYPTSP.dll
0x00007ff8cfd20000 - 0x00007ff8cfd55000 	C:\WINDOWS\system32\rsaenh.dll
0x00007ff8d02d0000 - 0x00007ff8d02f8000 	C:\WINDOWS\SYSTEM32\USERENV.dll
0x00007ff8d0470000 - 0x00007ff8d047c000 	C:\WINDOWS\SYSTEM32\CRYPTBASE.dll
0x00007ff8cf830000 - 0x00007ff8cf85d000 	C:\WINDOWS\SYSTEM32\IPHLPAPI.DLL
0x00007ff8d22f0000 - 0x00007ff8d22f9000 	C:\WINDOWS\System32\NSI.dll
0x00007ff8cd150000 - 0x00007ff8cd169000 	C:\WINDOWS\SYSTEM32\dhcpcsvc6.DLL
0x00007ff8cd130000 - 0x00007ff8cd14f000 	C:\WINDOWS\SYSTEM32\dhcpcsvc.DLL
0x00007ff8cf8a0000 - 0x00007ff8cf998000 	C:\WINDOWS\SYSTEM32\DNSAPI.dll
0x00007ff8be100000 - 0x00007ff8be10e000 	C:\Program Files\Java\jdk-17\bin\sunmscapi.dll
0x00007ff8d14e0000 - 0x00007ff8d1647000 	C:\WINDOWS\System32\CRYPT32.dll
0x00007ff8d0780000 - 0x00007ff8d07ae000 	C:\WINDOWS\SYSTEM32\ncrypt.dll
0x00007ff8d0740000 - 0x00007ff8d0777000 	C:\WINDOWS\SYSTEM32\NTASN1.dll
0x00007ff889170000 - 0x00007ff889178000 	C:\WINDOWS\system32\wshunix.dll
0x00007ff8c9e30000 - 0x00007ff8c9e3a000 	C:\Windows\System32\rasadhlp.dll
0x00007ff8cc0b0000 - 0x00007ff8cc133000 	C:\WINDOWS\System32\fwpuclnt.dll

dbghelp: loaded successfully - version: 4.0.5 - missing functions: none
symbol engine: initialized successfully - sym options: 0x614 - pdb path: .;C:\Program Files\Java\jdk-17\bin;C:\WINDOWS\SYSTEM32;C:\WINDOWS\WinSxS\amd64_microsoft.windows.common-controls_6595b64144ccf1df_6.0.22621.3672_none_2713b9d173822955;C:\Program Files\Java\jdk-17\bin\server;C:\Users\dajoz\.gradle\native\c067742578af261105cb4f569cf0c3c89f3d7b1fecec35dd04571415982c5e48\windows-amd64;C:\Users\dajoz\.gradle\native\38dada09dfb8b06ba9b0570ebf7e218e3eb74d4ef43ca46872605cf95ebc2f47\windows-amd64

VM Arguments:
jvm_args: -XX:MaxMetaspaceSize=512m --add-opens=java.base/java.util=ALL-UNNAMED --add-opens=java.base/java.lang=ALL-UNNAMED --add-opens=java.base/java.lang.invoke=ALL-UNNAMED --add-opens=java.prefs/java.util.prefs=ALL-UNNAMED --add-opens=java.base/java.nio.charset=ALL-UNNAMED --add-opens=java.base/java.net=ALL-UNNAMED --add-opens=java.base/java.util.concurrent.atomic=ALL-UNNAMED -Xmx2048m -Dfile.encoding=utf8 -Duser.country=CO -Duser.language=es -Duser.variant -javaagent:C:\Users\dajoz\.gradle\wrapper\dists\gradle-8.6-all\3mbtmo166bl6vumsh5k2lkq5h\gradle-8.6\lib\agents\gradle-instrumentation-agent-8.6.jar 
java_command: org.gradle.launcher.daemon.bootstrap.GradleDaemon 8.6
java_class_path (initial): C:\Users\dajoz\.gradle\wrapper\dists\gradle-8.6-all\3mbtmo166bl6vumsh5k2lkq5h\gradle-8.6\lib\gradle-launcher-8.6.jar
Launcher Type: SUN_STANDARD

[Global flags]
     intx CICompilerCount                          = 4                                         {product} {ergonomic}
   size_t CompressedClassSpaceSize                 = 432013312                                 {product} {ergonomic}
     uint ConcGCThreads                            = 2                                         {product} {ergonomic}
     uint G1ConcRefinementThreads                  = 8                                         {product} {ergonomic}
   size_t G1HeapRegionSize                         = 1048576                                   {product} {ergonomic}
    uintx GCDrainStackTargetSize                   = 64                                        {product} {ergonomic}
   size_t InitialHeapSize                          = 132120576                                 {product} {ergonomic}
   size_t MarkStackSize                            = 4194304                                   {product} {ergonomic}
   size_t MaxHeapSize                              = 2147483648                                {product} {command line}
   size_t MaxMetaspaceSize                         = 536870912                                 {product} {command line}
   size_t MaxNewSize                               = 1287651328                                {product} {ergonomic}
   size_t MinHeapDeltaBytes                        = 1048576                                   {product} {ergonomic}
   size_t MinHeapSize                              = 8388608                                   {product} {ergonomic}
    uintx NonNMethodCodeHeapSize                   = 5839372                                {pd product} {ergonomic}
    uintx NonProfiledCodeHeapSize                  = 122909434                              {pd product} {ergonomic}
    uintx ProfiledCodeHeapSize                     = 122909434                              {pd product} {ergonomic}
    uintx ReservedCodeCacheSize                    = 251658240                              {pd product} {ergonomic}
     bool SegmentedCodeCache                       = true                                      {product} {ergonomic}
   size_t SoftMaxHeapSize                          = 2147483648                             {manageable} {ergonomic}
     bool UseCompressedClassPointers               = true                           {product lp64_product} {ergonomic}
     bool UseCompressedOops                        = true                           {product lp64_product} {ergonomic}
     bool UseG1GC                                  = true                                      {product} {ergonomic}
     bool UseLargePagesIndividualAllocation        = false                                  {pd product} {ergonomic}

Logging:
Log output configuration:
 #0: stdout all=warning uptime,level,tags
 #1: stderr all=off uptime,level,tags

Environment Variables:
JAVA_HOME=C:\Program Files\Java\jdk-17
PATH=C:\Program Files\Common Files\Oracle\Java\javapath;C:\WINDOWS\system32;C:\WINDOWS;C:\WINDOWS\System32\Wbem;C:\WINDOWS\System32\WindowsPowerShell\v1.0\;C:\WINDOWS\System32\OpenSSH\;C:\Program Files\Git\cmd;C:\Program Files\MongoDB\Server\6.0\bin;C:\mongosh\mongosh-2.1.0-win32-x64\bin;C:\xampp\php;C:\ProgramData\ComposerSetup\bin;C:\Program Files\nodejs\;C:\Users\dajoz\.console-ninja\.bin;C:\Users\dajoz\AppData\Local\Microsoft\WindowsApps;C:\Users\dajoz\AppData\Local\Programs\Microsoft VS Code\bin;C:\Users\dajoz\AppData\Roaming\Composer\vendor\bin;C:\Program Files\MongoDB\Server\7.0;C:\Users\dajoz\AppData\Roaming\npm
USERNAME=dajoz
OS=Windows_NT
PROCESSOR_IDENTIFIER=Intel64 Family 6 Model 140 Stepping 1, GenuineIntel



---------------  S Y S T E M  ---------------

OS:
 Windows 10 , 64 bit Build 22621 (10.0.22621.3958)
OS uptime: 0 days 2:54 hours
Hyper-V role detected

CPU: total 8 (initial active 8) (4 cores per cpu, 2 threads per core) family 6 model 140 stepping 1 microcode 0x9a, cx8, cmov, fxsr, ht, mmx, 3dnowpref, sse, sse2, sse3, ssse3, sse4.1, sse4.2, popcnt, lzcnt, tsc, tscinvbit, avx, avx2, aes, erms, clmul, bmi1, bmi2, adx, avx512f, avx512dq, avx512cd, avx512bw, avx512vl, sha, fma, vzeroupper, avx512_vpopcntdq, avx512_vpclmulqdq, avx512_vaes, avx512_vnni, clflush, clflushopt, clwb, avx512_vbmi2, avx512_vbmi, hv

Memory: 4k page, system-wide physical 7991M (163M free)
TotalPageFile size 16183M (AvailPageFile size 1M)
current process WorkingSet (physical memory assigned to process): 252M, peak: 256M
current process commit charge ("private bytes"): 325M, peak: 327M

vm_info: Java HotSpot(TM) 64-Bit Server VM (17+35-LTS-2724) for windows-amd64 JRE (17+35-LTS-2724), built on Aug  5 2021 23:28:28 by "mach5one" with MS VC++ 16.8 (VS2019)

END.
